[debug] [2017-12-31T17:33:32.387Z] ----------------------------------------------------------------------
[debug] [2017-12-31T17:33:32.387Z] Command:       C:\Program Files\nodejs\node.exe C:\Users\user\AppData\Roaming\npm\node_modules\firebase-tools\bin\firebase use --add
[debug] [2017-12-31T17:33:32.396Z] CLI Version:   3.16.0
[debug] [2017-12-31T17:33:32.396Z] Platform:      win32
[debug] [2017-12-31T17:33:32.396Z] Node Version:  v8.9.1
[debug] [2017-12-31T17:33:32.396Z] Time:          Sun Dec 31 2017 19:33:32 GMT+0200 (שעון רגיל ירושלים)
[debug] [2017-12-31T17:33:32.397Z] ----------------------------------------------------------------------
[debug] 
[debug] [2017-12-31T17:33:32.413Z] > command requires scopes: ["email","openid","https://www.googleapis.com/auth/cloudplatformprojects.readonly","https://www.googleapis.com/auth/firebase"]
[debug] [2017-12-31T17:33:32.413Z] > authorizing via signed-in user
[debug] [2017-12-31T17:33:32.413Z] >>> HTTP REQUEST GET https://admin.firebase.com/v1/projects  
  
 Sun Dec 31 2017 19:33:32 GMT+0200 (שעון רגיל ירושלים)
[debug] [2017-12-31T17:33:33.414Z] Error: socket hang up
    at TLSSocket.onHangUp (_tls_wrap.js:1135:19)
    at Object.onceWrapper (events.js:313:30)
    at emitNone (events.js:111:20)
    at TLSSocket.emit (events.js:208:7)
    at endReadableNT (_stream_readable.js:1056:12)
    at _combinedTickCallback (internal/process/next_tick.js:138:11)
    at process._tickDomainCallback (internal/process/next_tick.js:218:9)
[error] 
[error] Error: Server Error. socket hang up
